         w __deregister_frame_info
         w __register_frame_info
         w userAppExit
         w userAppInit
00000000 00000401 B __ctru_dev_path_buf
00000000 a shift
00000000 a shift
00000000 b _TLS_MODULE_BASE_
00000404 00000802 B __ctru_dev_utf16_buf
00100000 A __start__
00100000 T _start
00100008 T __service_ptr
0010000c T __apt_appid
00100010 T __heap_size
00100014 T __linear_heap_size
00100018 T __system_arglist
0010001c T __system_runflags
00100020 t startup
00100058 t ClearMem
0010006c t ClrLoop
00100094 T _init
001000ac T __aeabi_uidiv
001000ac 000001ec T __udivsi3
001000ac t .udivsi3_skip_div0_test
00100298 00000020 T __aeabi_uidivmod
001002b8 T __aeabi_idiv
001002b8 00000220 T __divsi3
001002c0 t .divsi3_skip_div0_test
001004d8 00000020 T __aeabi_idivmod
001004f8 00000004 W __aeabi_idiv0
001004f8 00000004 W __aeabi_ldiv0
001004fc T __aeabi_drsub
00100504 000002b0 T __aeabi_dsub
00100504 000002b0 T __subdf3
00100508 000002ac T __adddf3
00100508 000002ac T __aeabi_dadd
001007b4 00000024 T __aeabi_ui2d
001007b4 00000024 T __floatunsidf
001007d8 00000028 T __aeabi_i2d
001007d8 00000028 T __floatsidf
00100800 00000048 T __aeabi_f2d
00100800 00000048 T __extendsfdf2
00100848 00000074 T __aeabi_ul2d
00100848 00000074 T __floatundidf
0010085c 00000060 T __aeabi_l2d
0010085c 00000060 T __floatdidf
001008bc T __aeabi_ldivmod
00100990 T __aeabi_uldivmod
001009e8 00000390 T strcmp
00100d70 t __do_global_dtors_aux
00100db0 t frame_dummy
00100ddc 00000110 T newBullet
00100eec 000000e0 T bulletScreenWarp
00100fcc 00000150 T bulletCheckCollisions
0010111c 000000d4 T bulletsProcess
001011f0 00000058 T newCollisionBox
00101248 00000098 T checkCollision
001012e0 00000188 T newAlien
00101468 0000018c T newShooter
001015f4 000000b8 T alienMove
001016ac 00000144 T aliensProcess
001017f0 0000018c T shootersProcess
0010197c 00000090 T killAlien
00101a0c 00000074 T killShooter
00101a80 0000012c T enemySpawner
00101bac 00000060 T storeGameValues
00101c0c 00000090 T readGameValues
00101c9c 000000a8 T checkSystemStatus
00101d44 00000208 T main
00101f4c 00000090 T initPlayer
00101fdc 00000260 T playerProcess
0010223c 00000028 T playerHit
00102268 0000012c T newSprite
00102394 00000034 T killSprite
001023c8 00000030 T initTextEnv
001023f8 00000088 T newText
00102480 0000006c T renderAllText
001024ec 0000000c T createVector2D
001024f8 00000040 T getVector2DLength
00102538 0000006c T getVector2DNormalized
001025a4 00000014 T sign
001025b8 00000034 t C2Di_FrameEndHook
001025f0 00000330 T C2D_Init
00102920 00000044 T C2D_Fini
00102964 000000d0 T C2D_Prepare
00102a34 0000003c T C2D_Flush
00102a70 00000108 T C2D_SceneSize
00102b78 00000058 T C2D_CreateScreenTarget
00102bd0 00000058 T C2D_TargetClear
00102c28 0000013c T C2Di_CalcQuad
00102d64 00000040 T C2Di_AppendVtx
00102da4 0000022c T C2Di_Update
00102fd0 000002f8 T C2D_DrawImage
001032c8 00000140 t C2Di_CalcLineWidths
00103408 000001d0 T C2D_TextBufNew
001035d8 000001c8 T C2D_TextFontParseLine
001037a0 000000a8 T C2D_TextFontParse
00103848 000010d4 T C2D_DrawText
0010491c 0000006c T C2D_SpriteSheetLoadFromHandle
00104988 00000048 T C2D_SpriteSheetLoad
001049d0 00000028 T C2D_SpriteSheetFree
001049f8 0000002c T C2D_SpriteSheetGetImage
00104a24 00000028 T C2D_FontFree
00104a4c 000000f0 t C2Di_PostLoadFont
00104b3c 000000b4 T C2D_FontLoadFromHandle
00104bf0 00000034 T C2D_FontLoad
00104c24 00000044 T C2D_FontGlyphIndexFromCodePoint
00104c68 00000078 T C2D_FontCalcGlyphPos
00104ce0 00000004 W C3Di_LightEnvUpdate
00104ce4 00000004 W C3Di_LightEnvDirty
00104ce8 000000b4 t C3Di_AptEventHook
00104d9c 00000004 W C3Di_GasUpdate
00104da0 000001e0 T C3D_Init
00104f80 00000098 T C3D_SetViewport
00105018 000004ec T C3Di_UpdateContext
00105504 000000e0 T C3Di_SplitFrame
001055e4 00000044 T C3D_Fini
00105628 00000108 T C3D_BindProgram
00105730 0000004c t onVBlank0
0010577c 0000004c t onVBlank1
001057c8 00000080 t C3Di_RenderTargetDestroy
00105848 000000f4 t onQueueFinish
0010593c 00000038 T C3Di_RenderQueueEnableVBlank
00105974 00000030 T C3Di_RenderQueueDisableVBlank
001059a4 00000060 T C3Di_RenderQueueInit
00105a04 000000b0 T C3Di_RenderQueueExit
00105ab4 00000034 T C3Di_RenderQueueWaitDone
00105ae8 000000e4 T C3D_FrameBegin
00105bcc 00000048 T C3D_FrameDrawOn
00105c14 00000058 T C3D_FrameSplit
00105c6c 000001d8 T C3D_FrameEnd
00105e44 0000001c T C3D_FrameEndHook
00105e60 00000018 T C3D_GetDrawingTime
00105e78 00000018 T C3D_GetProcessingTime
00105e90 00000128 T C3D_RenderTargetCreate
00105fb8 0000004c T C3D_RenderTargetSetOutput
00106004 000000fc T C3D_SyncTextureCopy
00106100 000002a0 T C3D_TexInitWithParams
001063a0 000000c8 T C3D_TexLoadImage
00106468 00000044 T C3D_TexBind
001064ac 00000074 T C3D_TexDelete
00106520 0000016c T C3Di_SetTex
0010668c 000003f4 t Tex3DSi_ImportCommon
00106a80 00000038 T Tex3DS_TextureImportStdio
00106ab8 0000001c T Tex3DS_GetSubTexture
00106ad4 00000004 T Tex3DS_TextureFree
00106ad8 0000001c T C3D_CalcColorBufSize
00106af4 0000001c T C3D_CalcDepthBufSize
00106b10 00000044 T C3D_SetFrameBuf
00106b54 0000016c T C3Di_FrameBufBind
00106cc0 000000cc T C3D_FrameBufClear
00106d8c 00000044 T C3D_FrameBufTransfer
00106dd0 00000034 T C3D_GetTexEnv
00106e04 00000024 T C3Di_TexEnvBind
00106e28 00000070 T C3D_ProcTexInit
00106e98 00000054 T C3D_ProcTexBind
00106eec 0000005c T C3D_ProcTexLutBind
00106f48 000000a4 T ProcTexLut_FromArray
00106fec 0000017c T C3Di_ProcTexUpdate
00107168 00000068 T C3Di_ProcTexDirty
001071d0 00000024 T BufInfo_Init
001071f4 00000080 T BufInfo_Add
00107274 00000040 T C3D_SetBufInfo
001072b4 00000048 T C3Di_BufInfoBind
001072fc 00000148 T C3D_DrawArrays
00107444 00000040 T C3D_DepthMap
00107484 0000001c T C3D_CullFace
001074a0 00000040 T C3D_StencilTest
001074e0 00000024 T C3D_StencilOp
00107504 0000001c T C3D_BlendingColor
00107520 00000024 T C3D_EarlyDepthTest
00107544 0000002c T C3D_DepthTest
00107570 0000002c T C3D_AlphaTest
0010759c 00000050 T C3D_AlphaBlend
001075ec 00000030 T C3D_FragOpMode
0010761c 00000044 T C3D_FragOpShadow
00107660 000001ac T C3Di_EffectBind
0010780c 00000028 T AttrInfo_Init
00107834 00000098 T AttrInfo_AddLoader
001078cc 00000054 T C3D_SetAttrInfo
00107920 00000080 T C3Di_AttrInfoBind
001079a0 000000a8 T C3D_ImmSendAttrib
00107a48 0000029c T C3D_UpdateUniforms
00107ce4 000000c0 T C3Di_DirtyUniforms
00107da4 000000d8 T C3Di_LoadShaderUniforms
00107e7c 00000028 T C3Di_ClearShaderUniforms
00107ea4 000000cc T Mtx_Ortho
00107f70 000000cc T Mtx_OrthoTilt
0010803c 00000024 t addrMapNodeComparator(rbtree_node const*, rbtree_node const*)
00108060 00000004 t addrMapNodeDestructor(rbtree_node*)
00108064 00000114 T vramMemAlign
00108178 00000008 T vramAlloc
00108180 0000005c T vramFree
001081dc 00000024 t addrMapNodeComparator(rbtree_node const*, rbtree_node const*)
00108200 00000004 t addrMapNodeDestructor(rbtree_node*)
00108204 00000120 T linearMemAlign
00108324 00000008 T linearAlloc
0010832c 0000005c T linearFree
00108388 00000084 T MemPool::CoalesceRight(MemBlock*)
0010840c 00000170 T MemPool::Allocate(MemChunk&, unsigned long, int)
0010857c 000000fc T MemPool::Deallocate(MemChunk const&)
00108678 00000008 t romfs_close
00108680 000000c8 t romfs_seek
00108748 00000024 t romfs_dirreset
0010876c 000000c8 t fill_dir
00108834 000002b0 t romfs_dirnext
00108ae4 00000084 t romfs_free
00108b68 000000d4 t searchForFile.constprop.0
00108c3c 000000d8 t searchForDir.constprop.0
00108d14 000001c0 t navigateToDir.constprop.0
00108ed4 00000128 t romfs_open
00108ffc 0000004c t romfs_chdir
00109048 00000070 t romfs_diropen
001090b8 0000017c t romfs_stat
00109234 00000008 t romfs_dirclose
0010923c 0000007c t romfs_fstat
001092b8 000000d4 t romfs_read
0010938c 00000290 T romfsMountFromFile
0010961c 00000098 T romfsMountFromCurrentProcess
001096b4 0000025c T romfsMountSelf
00109910 000000ac T romfsUnmount
001099bc 00000074 T osConvertVirtToPhys
00109a30 00000054 T osGetTimeRef
00109a84 000000e4 T osGetTime
00109b68 00000074 T __libctru_gtod
00109be0 00000038 T osTickCounterRead
00109c18 00000034 T __ctru_speedup_config
00109c4c 00000178 T consoleDrawChar
00109dc4 00000124 T consolePrintChar
00109ee8 00000a00 T con_write
0010a8e8 00000168 T consoleInit
0010aa50 000000f4 t newRow
0010ab44 0000009c T fontEnsureMapped
0010abe0 0000007c T fontFixPointers
0010ac5c 000000fc T fontGlyphIndexFromCodePoint
0010ad58 0000006c T fontGetCharWidthInfo
0010adc4 000001c0 T fontCalcGlyphPos
0010af84 000000d0 t gfxPresentFramebuffer
0010b054 0000001c T gfxIsWide
0010b070 000000ec T gfxSetScreenFormat
0010b15c 00000010 T gfxSetDoubleBuffering
0010b16c 00000108 T gfxInit
0010b274 00000010 T gfxInitDefault
0010b284 000000b4 T gfxExit
0010b338 000000a0 T gfxGetFramebuffer
0010b3d8 0000010c T gfxFlushBuffers
0010b4e4 00000030 T gfxScreenSwapBuffers
0010b514 00000050 T gfxSwapBuffersGpu
0010b564 000001e0 T shaderInstanceInit
0010b744 00000018 T shaderInstanceGetUniformLocation
0010b75c 0000001c T shaderProgramInit
0010b778 00000064 T shaderProgramFree
0010b7dc 00000080 T shaderProgramSetVsh
0010b85c 000008c0 T shaderProgramConfigure
0010c11c 000001f8 t DVLE_GenerateOutmap.part.0
0010c314 000001cc T DVLB_ParseFile
0010c4e0 00000038 T DVLB_Free
0010c518 00000074 T DVLE_GetUniformRegister
0010c58c 00000010 T GX_BindQueue
0010c59c 00000078 T GX_ProcessCommandList
0010c614 00000074 T GX_MemoryFill
0010c688 00000070 T GX_DisplayTransfer
0010c6f8 00000074 T GX_TextureCopy
0010c76c 00000068 t gxCmdQueueDoCommands.part.0
0010c7d4 000000c8 T gxCmdQueueInterrupt
0010c89c 0000004c T gxCmdQueueClear
0010c8e8 000000f8 T gxCmdQueueAdd
0010c9e0 00000080 T gxCmdQueueRun
0010ca60 00000060 T gxCmdQueueStop
0010cac0 00000074 T gxCmdQueueWait
0010cb34 0000013c T GPUCMD_Add
0010cc70 000000ac T GPUCMD_Split
0010cd1c 00000040 T f32tof16
0010cd5c 00000040 T f32tof24
0010cd9c 00000044 T f32tof31
0010cde0 00000c58 t gspHardwareInit
0010da38 00000254 T gspInit
0010dc8c 000000f0 T gspExit
0010dd7c 00000010 T gspHasGpuRight
0010dd8c 00000098 T gspPresentBuffer
0010de24 00000030 T gspSetEventCallback
0010de54 00000050 T gspWaitForEvent
0010dea4 0000004c T gspWaitForAnyEvent
0010def0 00000160 t gspEventThreadMain
0010e050 00000130 T gspSubmitGxCommand
0010e180 00000050 T GSPGPU_FlushDataCache
0010e1d0 00000034 T GSPGPU_SetLcdForceBlack
0010e204 00000068 T GSPGPU_AcquireRight
0010e26c 00000048 T GSPGPU_ReleaseRight
0010e2b4 0000007c T GSPGPU_ImportDisplayCaptureInfo
0010e330 0000002c T GSPGPU_SaveVramSysArea
0010e35c 0000002c T GSPGPU_RestoreVramSysArea
0010e388 000000c8 T fsInit
0010e450 0000003c T fsExit
0010e48c 00000060 T fsExemptFromSession
0010e4ec 00000050 T fsUnexemptFromSession
0010e53c 000000cc T FSUSER_OpenFile
0010e608 000000d4 T FSUSER_OpenFileDirectly
0010e6dc 000000bc T FSUSER_DeleteFile
0010e798 000000f8 T FSUSER_RenameFile
0010e890 000000bc T FSUSER_DeleteDirectory
0010e94c 000000d4 T FSUSER_CreateFile
0010ea20 000000c4 T FSUSER_CreateDirectory
0010eae4 000000f8 T FSUSER_RenameDirectory
0010ebdc 000000b4 T FSUSER_OpenDirectory
0010ec90 00000094 T FSUSER_OpenArchive
0010ed24 0000008c T FSUSER_CloseArchive
0010edb0 00000074 T FSUSER_GetSdmcArchiveResource
0010ee24 00000064 T FSUSER_IsSdmcWritable
0010ee88 00000058 T FSFILE_Read
0010eee0 00000060 T FSFILE_Write
0010ef40 00000038 T FSFILE_GetSize
0010ef78 00000028 T FSFILE_SetSize
0010efa0 0000003c T FSFILE_Close
0010efdc 00000024 T FSFILE_Flush
0010f000 00000050 T FSDIR_Read
0010f050 0000003c T FSDIR_Close
0010f08c 000001b0 t aptConvertScreenForCapture
0010f23c 00000008 W aptDspSleep
0010f244 00000004 W aptDspWakeup
0010f248 00000004 W aptDspCancel
0010f24c 0000015c T aptSendCommand
0010f3a8 00000038 t aptExitProcess
0010f3e0 000002f0 T aptExit
0010f6d0 000000d8 T aptHandleSleep
0010f7a8 00000030 T aptHook
0010f7d8 00000030 T aptUnhook
0010f808 00000084 T APT_SleepIfShellClosed
0010f88c 00000084 T aptSetSleepAllowed
0010f910 00000084 T APT_UnlockTransition
0010f998 00000484 t aptEventHandler
0010fe1c 000000b0 T APT_ReceiveParameter
0010fecc 000000b0 t aptReceiveParameter.constprop.0
0010ff80 000002bc t aptScreenTransfer
0011023c 000002d0 t aptWaitForWakeUp.isra.0
0011050c 000000f8 T aptJumpToHomeMenu
00110604 0000004c T aptMainLoop
00110650 00000234 T aptInit
00110884 0000007c T APT_CheckNew3DS
00110900 00000048 T APT_GetSharedFont
00110948 00000024 W hidShouldUseIrrst
0011096c 0000018c T hidInit
00110af8 000000e8 T hidExit
00110be0 00000294 T hidScanInput
00110e74 00000010 T hidKeysDown
00110e84 00000018 T hidTouchRead
00110e9c 00000018 T hidCircleRead
00110eb4 00000074 T ptmSysmInit
00110f28 0000003c T ptmSysmExit
00110f64 00000034 T PTMSYSM_ConfigureNew3DSCPU
00110f98 000000cc t buffer_read
00111064 000000d0 t iov_read
00111134 00000128 t iov_memmove
0011125c 000001d8 t decompress_rle
00111434 00000258 t decompress_lzss
0011168c 000002ec t decompress_huff.part.0
00111978 00000440 t decompress_lz11
00111db8 00000010 T decompressCallback_Stdio
00111dc8 000000e4 T decompressHeader
00111eac 00000250 T decompressV
001120fc 00000010 T rbtree_init
0011210c 000001a0 t do_insert
001122ac 00000008 T rbtree_insert
001122b4 00000090 T rbtree_rotate
00112344 00000338 T rbtree_remove
0011267c 00000074 T rbtree_find
001126f0 000000c0 T utf8_to_utf16
001127b0 0000013c T decode_utf8
001128ec 000000e8 T utf16_to_utf8
001129d8 000001e0 W __system_allocateHeaps
00112bb8 00000038 W __libctru_init
00112bf0 000000f0 W __system_initArgv
00112ce0 T svcControlMemory
00112d00 T svcQueryMemory
00112d30 T svcExitProcess
00112d38 T svcCreateThread
00112d58 T svcExitThread
00112d60 T svcSleepThread
00112d68 T svcReleaseMutex
00112d70 T svcCreateEvent
00112d84 T svcSignalEvent
00112d8c T svcClearEvent
00112d94 T svcMapMemoryBlock
00112d9c T svcUnmapMemoryBlock
00112da4 T svcCreateAddressArbiter
00112db8 T svcArbitrateAddressNoTimeout
00112dc0 T svcCloseHandle
00112dc8 T svcWaitSynchronization
00112dd0 T svcWaitSynchronizationN
00112df8 T svcDuplicateHandle
00112e0c T svcGetSystemTick
00112e14 T svcConnectToPort
00112e28 T svcSendSyncRequest
00112e30 T svcGetResourceLimit
00112e44 T svcGetResourceLimitLimitValues
00112e4c T svcGetResourceLimitCurrentValues
00112e54 T svcBreak
00112e5c W initSystem
00112eac W __ctru_exit
00112ec4 T __aeabi_read_tp
00112ed0 0000000c T __sync_init
00112edc 00000018 T __sync_fini
00112ef4 0000002c T syncArbitrateAddress
00112f20 0000001c T LightLock_Init
00112f3c 00000094 T LightLock_Lock
00112fd0 00000044 T LightLock_TryLock
00113014 00000040 T LightLock_Unlock
00113054 00000024 T RecursiveLock_Init
00113078 00000030 T RecursiveLock_Lock
001130a8 00000078 T RecursiveLock_TryLock
00113120 00000054 T RecursiveLock_Unlock
00113174 00000040 T LightEvent_Init
001131b4 000000a4 T LightEvent_Clear
00113258 000000c8 T LightEvent_Signal
00113320 00000058 T LightEvent_TryWait
00113378 000000b0 T LightEvent_Wait
00113428 00000084 W envGetHandle
001134ac 00000050 W envDestroyHandles
001134fc 00000124 T srvInit
00113620 00000058 T srvExit
00113678 00000080 T srvGetServiceHandleDirect
001136f8 00000048 T srvGetServiceHandle
00113740 00000038 T srvPublishToSubscriber
00113778 00000188 T threadCreate
00113900 0000002c T threadFree
0011392c 00000024 T threadJoin
00113950 00000030 T threadGetCurrent
00113980 00000040 T threadExit
001139c0 00000044 t _thread_begin
00113a04 00000094 t mappableFindAddressWithin
00113a98 00000028 T mappableInit
00113ac0 00000080 T mappableAlloc
00113b40 00000004 T mappableFree
00113b44 00000160 T irrstInit
00113ca4 000000cc T irrstExit
00113d70 000000b0 T irrstScanInput
00113e20 00000024 T irrstKeysHeld
00113e44 0000000c T srvPmGetSessionHandle
00113e50 00000050 T rbtree_node_next
00113ea0 00000060 T encode_utf16
00113f00 000000fc T encode_utf8
00113ffc 00000064 T decode_utf16
00114060 00000030 t __libctru_nanosleep
00114090 00000030 t __libctru_get_reent
001140c0 000000f8 T __system_initSyscalls
001141b8 00000030 W __appInit
001141e8 00000030 W __appExit
00114218 00000090 W __libctru_exit
001142a8 00000014 t archive_link
001142bc 00000014 t archive_dirreset
001142d0 00000014 t archive_chmod
001142e4 00000024 t error_cmp
00114308 00000050 t archive_translate_error
00114358 000000d4 t archive_seek
0011442c 0000007c t _archiveInit.part.0
001144a8 0000008c t archiveFindDevice.part.0
00114534 00000294 t archive_utf16path
001147c8 000000a0 t _archiveUnmountDeviceStruct.part.0
00114868 00000014 t archive_fchmod
0011487c 00000014 t archive_statvfs
00114890 00000158 t _archiveMountDevice
001149e8 000000e8 t archive_diropen
00114ad0 000000a4 t archive_fstat
00114b74 0000006c t archive_close
00114be0 0000006c t archive_fsync
00114c4c 00000070 t archive_dirclose
00114cbc 000000e8 t sdmc_statvfs
00114da4 00000080 t archive_ftruncate
00114e24 000000fc t archive_chdir
00114f20 000000b0 t archive_read
00114fd0 000000ac t archive_unlink
0011507c 000000c8 t archive_rmdir
00115144 000000ec t archive_mkdir
00115230 000001a8 t archive_stat
001153d8 00000184 t archive_rename
0011555c 00000168 t archive_dirnext
001156c4 0000012c t archive_write
001157f0 000001f0 t archive_open
001159e0 000001a4 T archiveMountSdmc
00115b84 00000054 T archiveUnmountAll
00115bd8 0000022c T cosf
00115e04 00000024 t with_errnof
00115e28 0000001c T __math_invalidf
00115e44 000000b4 T ceilf
00115ef8 00000274 T sinf
00116170 00000074 T sqrt
001161e4 00000008 T __ieee754_sqrt
001161ec 00000120 T __udivmoddi4
0011630c 00000078 T bsearch
00116384 00000028 T calloc
001163ac 00000094 T _calloc_r
00116440 0000000c T __errno
0011644c 00000034 T exit
00116480 00000160 T _fclose_r
001165e0 00000020 T fclose
00116600 00000258 T __sflush_r
00116858 00000094 T _fflush_r
001168ec 00000038 T fflush
00116924 000001a0 T _fgets_r
00116ac4 00000030 T fgets
00116af4 0000000c T _cleanup_r
00116b00 00000184 T __sinit
00116c84 00000134 T __sfp
00116db8 0000000c T __sfp_lock_acquire
00116dc4 0000000c T __sfp_lock_release
00116dd0 0000003c T __libc_fini_array
00116e0c 00000140 T _fopen_r
00116f4c 00000028 T fopen
00116f74 000000c0 T _fputs_r
00117034 00000028 T fputs
0011705c 000002d0 T _fread_r
0011732c 00000038 T fread
00117364 000000f8 T _malloc_trim_r
0011745c 000002e4 T _free_r
00117740 0000001c T _fseek_r
0011775c 000004f8 T _fseeko_r
00117c54 000001bc T _ftello_r
00117e10 000004a4 T __sfvwrite_r
001182b4 00000068 T _fwalk
0011831c 00000070 T _fwalk_reent
0011838c 0000007c T __libc_init_array
00118408 00000138 T __smakebuf_r
00118540 00000094 T __swhatbuf_r
001185d4 00000028 T memalign
001185fc 00000148 T _memalign_r
00118744 00000020 T malloc
00118764 00000020 T free
00118784 000007f0 T _malloc_r
00118f74 000000e0 T memchr
00119054 000000a8 T memcmp
001190fc 0000011c T memcpy
00119218 00000154 T memmove
0011936c 00000118 T memset
00119484 0000000c T __malloc_lock
00119490 0000000c T __malloc_unlock
0011949c 00000034 T printf
001194d0 0000001c T srand
001194ec 00000044 T rand
00119530 00000028 T realloc
00119558 00000598 T _realloc_r
00119af0 0000001c t lflush
00119b0c 000001ac T __srefill_r
00119cb8 00000260 T setvbuf
00119f18 00000064 T sprintf
00119f7c 00000074 T sscanf
00119ff0 00000044 T __sread
0011a034 00000008 T __seofread
0011a03c 00000068 T __swrite
0011a0a4 00000048 T __sseek
0011a0ec 00000008 T __sclose
0011a0f4 00000144 T strchr
0011a238 0000005c T strlen
0011a294 000000ec T strncat
0011a380 000000dc T strncmp
0011a45c 000000c0 T strncpy
0011a51c 00000048 T strnlen
0011a564 0000064c t get_arg
0011abb0 00003808 T _svfprintf_r
0011e3b8 00000050 t get_arg
0011e408 00002b68 T __ssvfscanf_r
00120f70 0000003c T time
00120fac 0000064c t get_arg
001215f8 00000034 T __sprint_r
0012162c 00002584 T _vfiprintf_r
00123bb0 000000d4 t __sbprintf
00123c84 0000064c t get_arg
001242d0 000038d4 T _vfprintf_r
00127ba4 000000d4 t __sbprintf
00127c78 00000054 T _wcrtomb_r
00127ccc 00000028 T _wcsrtombs_r
00127cf4 00000154 T __swsetup_r
00127e48 00000114 T __call_exitprocs
00127f5c 000001a8 t quorem
00128108 000012ec T _dtoa_r
001293f4 000000c8 T __sflags
001294bc 00000008 T iswspace
001294c4 0000000c T _localeconv_r
001294d0 00000010 T __locale_mb_cur_max
001294e0 00000068 T _mbrtowc_r
00129548 000002fc T __utf8_mbtowc
00129844 00000088 T _Balloc
001298cc 0000001c T _Bfree
001298e8 000000f4 T __multadd
001299dc 00000110 T __s2b
00129aec 00000058 T __hi0bits
00129b44 0000009c T __lo0bits
00129be0 000000a4 T __i2b
00129c84 00000204 T __multiply
00129e88 00000120 T __pow5mult
00129fa8 0000013c T __lshift
0012a0e4 00000058 T __mcmp
0012a13c 000001cc T __mdiff
0012a308 00000088 T __ulp
0012a390 000000d4 T __b2d
0012a464 0000012c T __d2b
0012a590 00000078 T __ratio
0012a608 00000088 T __copybits
0012a690 0000005c T __any_on
0012a6ec 000000e4 T __sccl
0012a7d0 0000000c T nanf
0012a7e0 000000a8 T frexp
0012a888 000000b8 T stpncpy
0012a940 0000130c T _strtod_l
0012bc4c 0000000c T _strtod_r
0012bc58 0000022c t _strtoll_l.constprop.0
0012be84 00000004 T _strtoll_r
0012be88 000001b0 t _strtol_l.part.0
0012c038 0000003c T _strtol_r
0012c074 00000244 t _strtoull_l.constprop.0
0012c2b8 00000004 T _strtoull_r
0012c2bc 000001c8 t _strtoul_l.constprop.0
0012c484 00000004 T _strtoul_r
0012c488 00000188 T __ssprint_r
0012c610 000000e0 T _sungetc_r
0012c6f0 0000006c T __ssrefill_r
0012c75c 000000c8 T _sfread_r
0012c824 000000a8 T __submore
0012c8cc 00000190 T _wcsnrtombs_l
0012ca5c 0000004c T _wcsnrtombs_r
0012caa8 000000f0 T __utf8_wctomb
0012cb98 0000005c T __assert_func
0012cbf4 0000003c T fiprintf
0012cc30 000000ec t rshift
0012cd1c 00000928 T __gethex
0012d644 0000004c T __match
0012d690 0000029c T __hexnan
0012d92c 0000003c T iswspace_l
0012d968 000001d4 t __jp2uc
0012db3c 0000009c T _jp2uc_l
0012dbd8 00000010 T nan
0012dbe8 00000014 T abort
0012dbfc 00000084 T category
0012dc80 00000098 T _raise_r
0012dd18 00000020 T raise
0012dd38 00000008 t null_write
0012dd40 00000018 T setDefaultDevice
0012dd58 000000c8 T FindDevice
0012de20 00000028 T RemoveDevice
0012de48 0000009c T AddDevice
0012dee4 00000020 T GetDeviceOpTab
0012df04 00000078 T _fstat_r
0012df7c 00000014 T _getpid_r
0012df90 00000038 T _gettimeofday_r
0012dfc8 00000008 T _isatty_r
0012dfd0 00000014 T _kill_r
0012dfe4 00000084 T _lseek_r
0012e068 000000c8 T _open_r
0012e130 00000080 T _read_r
0012e1b0 00000078 T _sbrk_r
0012e228 00000080 T _write_r
0012e2a8 00000024 T _exit
0012e2cc 000001b8 T _concatenate_path
0012e484 00000160 T chdir
0012e5e4 00000008 T __flockfile
0012e5ec 00000008 T __funlockfile
0012e5f4 00000018 T __libc_lock_acquire
0012e60c 00000018 T __libc_lock_release
0012e624 00000018 T __libc_lock_init_recursive
0012e63c 00000018 T __libc_lock_acquire_recursive
0012e654 00000018 T __libc_lock_release_recursive
0012e66c 00000018 T __libc_lock_close_recursive
0012e684 0000008c T __release_handle
0012e710 000000b4 T __alloc_handle
0012e7c4 0000003c T __get_handle
0012e800 000000f4 T _close_r
0012e8f4 00000028 T __getreent
0012e91c 00000038 T __aeabi_d2lz
0012e91c 00000038 T __fixdfdi
0012e958 00000040 T __aeabi_d2ulz
0012e958 00000040 T __fixunsdfdi
0012e998 00000044 T strrchr
0012e9dc T _fini
0012f150 R render2d_shbin
0012f2dc R render2d_shbin_end
0012f2dc R render2d_shbin_size
0012f2e0 00000038 r CSWTCH.18
0012f318 00000005 r colorFmtSizes
0012f320 00000004 r depthFmtSizes
0012f324 00000010 r CSWTCH.9
0012f358 00000070 r romFS_devoptab
0012f42c 00000030 r colorTable
0012f45c 00000070 r dotab_stdout
0012f4f8 00000008 r morton_x.3
0012f500 00000008 r morton_y.2
0012f508 00000008 r s_sleepWakeEvents.4
0012f534 R default_font_bin
0012fd34 R default_font_bin_end
0012fd34 R default_font_bin_size
0012fd64 00000070 r archive_devoptab
0012fdd4 00000030 r error_table
0012fe04 00000060 R __inv_pio4
0012fe68 000000e0 R __sincosf_table
0012ff48 00000004 R _global_impure_ptr
0012ff88 00000010 r blanks.1
0012ff98 00000010 r zeroes.0
0012ffb0 00000022 r basefix.0
0012ffd4 00000010 r blanks.1
0012ffe4 00000010 r zeroes.0
0012fff4 00000010 r blanks.1
00130004 00000010 r zeroes.0
00130014 00000101 R _ctype_
00130128 r .LC2
00130208 00000028 R __mprec_bigtens
00130230 000000c8 R __mprec_tens
001302f8 0000000c r p05.0
00130314 00000014 r fpi.1
00130328 00000014 r fpinan.0
00130340 00000028 r tinytens
00130368 0000006c R __action_table
001303d4 00000100 R __chclass
001304d4 0000006c R __state_table
001305c8 00000100 R __hexdig
001306dc 000000bc r a1
00130798 000000bc r a2
00130854 0000005b r a3
001308b0 00000070 r a6
00130920 000000a2 r a7
001309c4 00000040 r a8
00130a04 0000172a r b02cf
00132130 00001a7c r d02f4
00133bac 0000000c R _C_numeric_locale
00133bb8 000031e6 r categories
00136da0 00000070 R dotab_stdnull
00136e10 r 
00136e10 R __exidx_end
00136e10 R __exidx_start
00137000 00000010 D alienRail1
00137010 00000010 D alienRail2
00137020 00000010 D alienRail3
00137030 00000010 D shooterRail1
00137040 00000010 D shooterRail2
00137050 00000004 D alienTimer
00137054 00000004 D shooterTimer
00137058 0000000c D limits
00137064 00000004 d framerate
00137068 00000008 d framerateCounter
00137070 00000004 D currentConsole
00137074 0000004c D defaultConsole
001370c0 00000001 d firstConsoleInit.0
001370c4 00000004 d queueLock
001370c8 00000004 d kCount
001370cc 00000004 d kDelay
001370d0 00000004 d kInterval
001370d4 W __stacksize__
001370d8 00000001 D __fdlib_version
001370dc 0000000c d __sfp_recursive_mutex
001370e8 0000000c d __sinit_recursive_mutex
001370f4 00000004 D _impure_ptr
001370f8 00000460 d impure_data
00137558 00000408 D __malloc_av_
00137960 00000004 D __malloc_sbrk_base
00137964 00000004 D __malloc_trim_threshold
00137968 0000000c d __malloc_recursive_mutex
00137974 0000000c D __atexit_recursive_mutex
00137980 0000016c D __global_locale
00137aec 00000002 d numempty
00137af0 00000004 d defaultDevice
00137af4 0000008c D devoptab_list
00137b80 00000400 d _current_working_directory
00137f80 00000004 d __hndl_lock
00137f84 0000000c d __stderr_handle
00137f90 0000000c d __stdin_handle
00137f9c 0000000c d __stdout_handle
00137fa8 00001000 d handles
00138fb0 d _GLOBAL_OFFSET_TABLE_
00138fbc d __frame_dummy_init_array_entry
00138fbc D __init_array_start
00138fbc B __preinit_array_end
00138fbc B __preinit_array_start
00138fbc D __tdata_lma
00138fbc D __tdata_lma_end
00138fc0 d __do_global_dtors_aux_fini_array_entry
00138fc0 D __fini_array_start
00138fc0 D __init_array_end
00138fc4 D __bss_start__
00138fc4 00000438 B bulletList
00138fc4 D __fini_array_end
001393fc 00000004 B bulletCount
00139400 000003f0 B aliens
001397f0 00000004 B alienCount
001397f4 00000208 B shooters
001399fc 00000004 B shooterCount
00139a00 00000004 B arcade_currentLevel
00139a04 00000004 B arcade_currentScore
00139a08 00000004 B arcade_currentKillCounter
00139a0c 00000004 B arcade_currentCoins
00139a10 00000004 B arcade_currentDifficulty
00139a14 00000004 B game_chosenDifficulty
00139a18 00000004 B game_highScore
00139a1c 00000004 B game_totalCoins
00139a20 00000024 B player
00139a44 00000004 B spriteSheet
00139a48 00000004 B numSprites
00139a4c 00008400 B sprites
00141e4c 00000004 B g_staticBuf
00141e50 00000004 B arcadeFont
00141e54 000001e0 B textList
00142034 b completed.1
00142038 b object.0
00142050 000005a0 B __C2Di_Context
001425f0 00000040 b s_projBot
00142630 00000040 b s_projTop
00142670 00000004 b uLoc_mdlvMtx
00142674 00000004 b uLoc_projMtx
00142678 00000004 b s_glyphSheets
0014267c 00000004 b s_textScale
00142680 000002d0 B __C3D_Context
00142950 0000000c b hookCookie
00142960 00000010 b cpuTime
00142970 00000004 b firstTarget
00142974 00000008 b frameCounter
0014297c 00000004 b frameEndCb
00142980 00000004 b frameEndCbData
00142988 00000010 b gpuTime
00142998 00000001 b inFrame
00142999 00000001 b inSafeTransfer
0014299a 00000001 b isTopStereo
0014299c 00000004 b lastTarget
001429a0 0000000c b linkedTarget
001429ac 00000001 b measureGpuTime
001429ad 00000001 b needSwapBot
001429ae 00000001 b needSwapTop
001429b0 00000004 B C3D_BoolUnifs
001429b4 00000002 B C3D_BoolUnifsDirty
001429b8 00000c00 B C3D_FVUnif
001435b8 000000c0 B C3D_FVUnifDirty
00143678 00000020 B C3D_IVUnif
00143698 00000008 B C3D_IVUnifDirty
001436a0 000000c0 b C3Di_FVUnifEverDirty
00143760 00000008 b C3Di_IVUnifEverDirty
00143768 00000018 b C3Di_ShaderFVecData
00143780 0000000c b sAddrMap
0014378c 00000008 b sVramPool
00143794 00000008 b sLinearPool
0014379c 0000000c b sAddrMap
001437a8 00000004 V __romfs_path
001437ac 00000004 b romfs_mount_list
001437b0 00000001 V __ctru_speedup
001437b4 0000004c B currentCopy
00143800 00000004 B g_sharedFont
00143804 00000004 b sharedFontAddr
00143808 00000004 b gfxBottomFramebufferMaxSize
0014380c 00000008 b gfxBottomFramebuffers
00143814 00000002 b gfxCurBuf
00143818 00000002 b gfxFramebufferFormats
0014381c 00000002 b gfxIsDoubleBuf
0014381e 00000001 b gfxIsVram
00143820 00000004 b gfxTopFramebufferMaxSize
00143824 00000008 b gfxTopFramebuffers
0014382c 00000001 b gfxTopMode
00143830 00000004 b screenAlloc
00143834 00000004 b screenFree
00143838 00000004 b boundQueue
0014383c 00000004 b curQueue
00143840 00000001 b isActive
00143841 00000001 b isRunning
00143842 00000001 b shouldStop
00143844 00000004 B gpuCmdBuf
00143848 00000004 B gpuCmdBufOffset
0014384c 00000004 B gpuCmdBufSize
00143850 00000004 b gspEvent
00143854 0000001c b gspEventCb
00143870 0000001c b gspEventCbData
0014388c 00000007 b gspEventCbOneShot
00143894 00000004 b gspEventThread
00143898 00000038 b gspEvents
001438d0 00000004 b gspGpuHandle
001438d4 00000001 b gspGpuRight
001438d8 00000004 b gspLastEvent
001438dc 00000004 b gspRefCount
001438e0 00000001 b gspRunEvents
001438e4 00000004 b gspSharedMem
001438e8 00000004 b gspSharedMemHandle
001438ec 00000001 b gspThreadId
001438f0 00000080 b fsExemptArchives
00143970 00000004 b fsuHandle
00143974 00000004 b fsuRefCount
00143978 00000001 b aptChainloadFlags
00143979 00000001 b aptChainloadMediatype
00143980 00000008 b aptChainloadTid
00143988 00000004 b aptEventHandlerThread
0014398c 00000001 b aptEventHandlerThreadQuit
00143990 00000008 b aptEvents
00143998 0000000c b aptFirstHook
001439a4 00000004 b aptFlags
001439a8 00000001 b aptHomeButtonState
001439ac 00000004 b aptLockHandle
001439b0 00000004 b aptMessageFunc
001439b4 00000004 b aptMessageFuncData
001439b8 00001000 b aptParameters
001449b8 00000008 b aptReceiveEvent
001449c0 00000004 b aptRefCount
001449c4 00000008 b aptSleepEvent
001449cc 00000001 b flagInit.1
001449cd 00000001 b flagValue.0
001449d0 00000004 b serviceName.6
001449d4 00000006 b aVec
001449dc 00000004 b cPos
001449e0 00000006 b gRate
001449e8 00000014 B hidEvents
001449fc 00000004 B hidHandle
00144a00 00000004 B hidMemHandle
00144a04 00000004 b hidRefCount
00144a08 00000004 B hidSharedMem
00144a0c 00000004 b kDown
00144a10 00000004 b kHeld
00144a14 00000004 b kOld
00144a18 00000004 b kRepeat
00144a1c 00000004 b kUp
00144a20 00000004 b tPos
00144a24 00000001 b usingIrrst
00144a28 00000004 b ptmSysmHandle
00144a2c 00000004 b ptmSysmRefCount
00144a30 00000004 B __ctru_heap
00144a34 00000004 V __ctru_heap_size
00144a38 00000004 B __ctru_linear_heap
00144a3c 00000004 V __ctru_linear_heap_size
00144a40 00000004 B __system_retAddr
00144a44 00000004 B __system_argc
00144a48 00000004 B __system_argv
00144a4c b saved_stack
00144a54 00000004 b arbiter
00144a58 00000004 b srvHandle
00144a5c 00000004 b srvRefCount
00144a60 00000004 b currentAddr
00144a64 00000004 b maxAddr
00144a68 00000004 b minAddr
00144a6c 00000004 b csPos
00144a70 00000004 B irrstEvent
00144a74 00000004 B irrstHandle
00144a78 00000004 B irrstMemHandle
00144a7c 00000004 b irrstRefCount
00144a80 00000004 B irrstSharedMem
00144a84 00000004 b kHeld
00144a88 00000004 b srvPmHandle
00144a8c 00000004 b archive_device_cwd
00144a90 00000540 b archive_devices
00144fd0 00000001 b archive_initialized
00144fd4 00000028 B __malloc_current_mallinfo
00144ffc 00000004 B __malloc_max_sbrked_mem
00145000 00000004 B __malloc_max_total_mem
00145004 00000004 B __malloc_top_pad
00145008 00000004 b heap_start.0
0014500c 00000004 B fake_heap_end
00145010 00000004 B fake_heap_start
00145014 00000400 b temp_cwd
00145414 00000048 B __syscalls
0014545c B __tls_start
00146064 B __bss_end__
00146064 A __end__
00146064 B __tls_end
