         w __deregister_frame_info
         w __register_frame_info
         w userAppExit
         w userAppInit
00000000 00000401 B __ctru_dev_path_buf
00000000 a shift
00000000 a shift
00000000 b _TLS_MODULE_BASE_
00000404 00000802 B __ctru_dev_utf16_buf
00100000 A __start__
00100000 T _start
00100008 T __service_ptr
0010000c T __apt_appid
00100010 T __heap_size
00100014 T __linear_heap_size
00100018 T __system_arglist
0010001c T __system_runflags
00100020 t startup
00100058 t ClearMem
0010006c t ClrLoop
00100094 T _init
001000ac T __aeabi_uidiv
001000ac 000001ec T __udivsi3
001000ac t .udivsi3_skip_div0_test
00100298 00000020 T __aeabi_uidivmod
001002b8 T __aeabi_idiv
001002b8 00000220 T __divsi3
001002c0 t .divsi3_skip_div0_test
001004d8 00000020 T __aeabi_idivmod
001004f8 00000004 W __aeabi_idiv0
001004f8 00000004 W __aeabi_ldiv0
001004fc T __aeabi_drsub
00100504 000002b0 T __aeabi_dsub
00100504 000002b0 T __subdf3
00100508 000002ac T __adddf3
00100508 000002ac T __aeabi_dadd
001007b4 00000024 T __aeabi_ui2d
001007b4 00000024 T __floatunsidf
001007d8 00000028 T __aeabi_i2d
001007d8 00000028 T __floatsidf
00100800 00000048 T __aeabi_f2d
00100800 00000048 T __extendsfdf2
00100848 00000074 T __aeabi_ul2d
00100848 00000074 T __floatundidf
0010085c 00000060 T __aeabi_l2d
0010085c 00000060 T __floatdidf
001008bc T __aeabi_ldivmod
00100990 T __aeabi_uldivmod
001009e8 00000390 T strcmp
00100d70 t __do_global_dtors_aux
00100db0 t frame_dummy
00100ddc 00000110 T newBullet
00100eec 00000054 T updateBulletSprite
00100f40 000000e0 T bulletScreenWarp
00101020 00000198 T bulletCheckCollisions
001011b8 000000b0 T bulletsProcess
00101268 00000044 T killAllBullets
001012ac 00000058 T newCollisionBox
00101304 00000098 T checkCollision
0010139c 00000150 T newAlien
001014ec 00000164 T newShooter
00101650 00000114 T updateShooterSprite
00101764 000000b8 T alienMove
0010181c 00000154 T aliensProcess
00101970 00000174 T shootersProcess
00101ae4 00000054 T killAlien
00101b38 00000054 T killShooter
00101b8c 000000e0 T killAllEnemies
00101c6c 0000006c T setLimits
00101cd8 0000007c T updateLimits
00101d54 00000110 T enemySpawner
00101e64 0000002c T setDefaultArcadeValues
00101e90 00000080 T storeGameValues
00101f10 00000090 T readGameValues
00101fa0 000000dc T endMatch
0010207c 0000001c T endMatchProcess
00102098 000000d0 T intermissionWait
00102168 00000030 T intermissionProcess
00102198 00000154 T gameInit
001022ec 00000088 T gameProcess
00102374 0000006c T checkSystemStatus
001023e0 0000008c T changeScene
0010246c 0000011c T renderScene
00102588 00000128 T main
001026b0 00000214 T mainMenuInit
001028c4 0000001c T mainMenuProcess
001028e0 0000010c T initPlayer
001029ec 00000270 T playerProcess
00102c5c 00000044 T playerHit
00102ca0 0000013c T newSprite
00102ddc 00000034 T killSprite
00102e10 00000038 T killAllSprites
00102e48 00000040 T initTextEnv
00102e88 000000bc T newText
00102f44 00000024 T changeTextStr
00102f68 00000030 T killAllText
00102f98 00000088 T renderScreenText
00103020 0000000c T createVector2D
0010302c 00000040 T getVector2DLength
0010306c 0000006c T getVector2DNormalized
001030d8 00000014 T sign
001030ec 00000034 t C2Di_FrameEndHook
00103120 00000330 T C2D_Init
00103450 00000044 T C2D_Fini
00103494 000000d0 T C2D_Prepare
00103564 0000003c T C2D_Flush
001035a0 00000108 T C2D_SceneSize
001036a8 00000058 T C2D_CreateScreenTarget
00103700 00000058 T C2D_TargetClear
00103758 0000013c T C2Di_CalcQuad
00103894 00000040 T C2Di_AppendVtx
001038d4 0000022c T C2Di_Update
00103b00 000002f8 T C2D_DrawImage
00103df8 00000140 t C2Di_CalcLineWidths
00103f38 000001d0 T C2D_TextBufNew
00104108 0000000c T C2D_TextBufClear
00104114 000001c8 T C2D_TextFontParseLine
001042dc 000000a8 T C2D_TextFontParse
00104384 000010d4 T C2D_DrawText
00105458 0000006c T C2D_SpriteSheetLoadFromHandle
001054c4 00000048 T C2D_SpriteSheetLoad
0010550c 00000028 T C2D_SpriteSheetFree
00105534 0000002c T C2D_SpriteSheetGetImage
00105560 00000028 T C2D_FontFree
00105588 000000f0 t C2Di_PostLoadFont
00105678 000000b4 T C2D_FontLoadFromHandle
0010572c 00000034 T C2D_FontLoad
00105760 00000044 T C2D_FontGlyphIndexFromCodePoint
001057a4 00000078 T C2D_FontCalcGlyphPos
0010581c 00000004 W C3Di_LightEnvUpdate
00105820 00000004 W C3Di_LightEnvDirty
00105824 000000b4 t C3Di_AptEventHook
001058d8 00000004 W C3Di_GasUpdate
001058dc 000001e0 T C3D_Init
00105abc 00000098 T C3D_SetViewport
00105b54 000004ec T C3Di_UpdateContext
00106040 000000e0 T C3Di_SplitFrame
00106120 00000044 T C3D_Fini
00106164 00000108 T C3D_BindProgram
0010626c 0000004c t onVBlank0
001062b8 0000004c t onVBlank1
00106304 00000080 t C3Di_RenderTargetDestroy
00106384 000000f4 t onQueueFinish
00106478 00000038 T C3Di_RenderQueueEnableVBlank
001064b0 00000030 T C3Di_RenderQueueDisableVBlank
001064e0 00000060 T C3Di_RenderQueueInit
00106540 000000b0 T C3Di_RenderQueueExit
001065f0 00000034 T C3Di_RenderQueueWaitDone
00106624 000000e4 T C3D_FrameBegin
00106708 00000048 T C3D_FrameDrawOn
00106750 00000058 T C3D_FrameSplit
001067a8 000001d8 T C3D_FrameEnd
00106980 0000001c T C3D_FrameEndHook
0010699c 00000018 T C3D_GetDrawingTime
001069b4 00000018 T C3D_GetProcessingTime
001069cc 00000128 T C3D_RenderTargetCreate
00106af4 0000004c T C3D_RenderTargetSetOutput
00106b40 000000fc T C3D_SyncTextureCopy
00106c3c 000002a0 T C3D_TexInitWithParams
00106edc 000000c8 T C3D_TexLoadImage
00106fa4 00000044 T C3D_TexBind
00106fe8 00000074 T C3D_TexDelete
0010705c 0000016c T C3Di_SetTex
001071c8 000003f4 t Tex3DSi_ImportCommon
001075bc 00000038 T Tex3DS_TextureImportStdio
001075f4 0000001c T Tex3DS_GetSubTexture
00107610 00000004 T Tex3DS_TextureFree
00107614 0000001c T C3D_CalcColorBufSize
00107630 0000001c T C3D_CalcDepthBufSize
0010764c 00000044 T C3D_SetFrameBuf
00107690 0000016c T C3Di_FrameBufBind
001077fc 000000cc T C3D_FrameBufClear
001078c8 00000044 T C3D_FrameBufTransfer
0010790c 00000034 T C3D_GetTexEnv
00107940 00000024 T C3Di_TexEnvBind
00107964 00000070 T C3D_ProcTexInit
001079d4 00000054 T C3D_ProcTexBind
00107a28 0000005c T C3D_ProcTexLutBind
00107a84 000000a4 T ProcTexLut_FromArray
00107b28 0000017c T C3Di_ProcTexUpdate
00107ca4 00000068 T C3Di_ProcTexDirty
00107d0c 00000024 T BufInfo_Init
00107d30 00000080 T BufInfo_Add
00107db0 00000040 T C3D_SetBufInfo
00107df0 00000048 T C3Di_BufInfoBind
00107e38 00000148 T C3D_DrawArrays
00107f80 00000040 T C3D_DepthMap
00107fc0 0000001c T C3D_CullFace
00107fdc 00000040 T C3D_StencilTest
0010801c 00000024 T C3D_StencilOp
00108040 0000001c T C3D_BlendingColor
0010805c 00000024 T C3D_EarlyDepthTest
00108080 0000002c T C3D_DepthTest
001080ac 0000002c T C3D_AlphaTest
001080d8 00000050 T C3D_AlphaBlend
00108128 00000030 T C3D_FragOpMode
00108158 00000044 T C3D_FragOpShadow
0010819c 000001ac T C3Di_EffectBind
00108348 00000028 T AttrInfo_Init
00108370 00000098 T AttrInfo_AddLoader
00108408 00000054 T C3D_SetAttrInfo
0010845c 00000080 T C3Di_AttrInfoBind
001084dc 000000a8 T C3D_ImmSendAttrib
00108584 0000029c T C3D_UpdateUniforms
00108820 000000c0 T C3Di_DirtyUniforms
001088e0 000000d8 T C3Di_LoadShaderUniforms
001089b8 00000028 T C3Di_ClearShaderUniforms
001089e0 000000cc T Mtx_Ortho
00108aac 000000cc T Mtx_OrthoTilt
00108b78 00000024 t addrMapNodeComparator(rbtree_node const*, rbtree_node const*)
00108b9c 00000004 t addrMapNodeDestructor(rbtree_node*)
00108ba0 00000114 T vramMemAlign
00108cb4 00000008 T vramAlloc
00108cbc 0000005c T vramFree
00108d18 00000024 t addrMapNodeComparator(rbtree_node const*, rbtree_node const*)
00108d3c 00000004 t addrMapNodeDestructor(rbtree_node*)
00108d40 00000120 T linearMemAlign
00108e60 00000008 T linearAlloc
00108e68 0000005c T linearFree
00108ec4 00000084 T MemPool::CoalesceRight(MemBlock*)
00108f48 00000170 T MemPool::Allocate(MemChunk&, unsigned long, int)
001090b8 000000fc T MemPool::Deallocate(MemChunk const&)
001091b4 00000008 t romfs_close
001091bc 000000c8 t romfs_seek
00109284 00000024 t romfs_dirreset
001092a8 000000c8 t fill_dir
00109370 000002b0 t romfs_dirnext
00109620 00000084 t romfs_free
001096a4 000000d4 t searchForFile.constprop.0
00109778 000000d8 t searchForDir.constprop.0
00109850 000001c0 t navigateToDir.constprop.0
00109a10 00000128 t romfs_open
00109b38 0000004c t romfs_chdir
00109b84 00000070 t romfs_diropen
00109bf4 0000017c t romfs_stat
00109d70 00000008 t romfs_dirclose
00109d78 0000007c t romfs_fstat
00109df4 000000d4 t romfs_read
00109ec8 00000290 T romfsMountFromFile
0010a158 00000098 T romfsMountFromCurrentProcess
0010a1f0 0000025c T romfsMountSelf
0010a44c 000000ac T romfsUnmount
0010a4f8 00000074 T osConvertVirtToPhys
0010a56c 00000054 T osGetTimeRef
0010a5c0 000000e4 T osGetTime
0010a6a4 00000074 T __libctru_gtod
0010a718 00000038 T osTickCounterRead
0010a750 00000034 T __ctru_speedup_config
0010a784 0000009c T fontEnsureMapped
0010a820 0000007c T fontFixPointers
0010a89c 000000fc T fontGlyphIndexFromCodePoint
0010a998 0000006c T fontGetCharWidthInfo
0010aa04 000001c0 T fontCalcGlyphPos
0010abc4 000000d0 t gfxPresentFramebuffer
0010ac94 0000001c T gfxIsWide
0010acb0 000000ec T gfxSetScreenFormat
0010ad9c 00000108 T gfxInit
0010aea4 00000010 T gfxInitDefault
0010aeb4 000000b4 T gfxExit
0010af68 000000a0 T gfxGetFramebuffer
0010b008 00000030 T gfxScreenSwapBuffers
0010b038 000001e0 T shaderInstanceInit
0010b218 00000018 T shaderInstanceGetUniformLocation
0010b230 0000001c T shaderProgramInit
0010b24c 00000064 T shaderProgramFree
0010b2b0 00000080 T shaderProgramSetVsh
0010b330 000008c0 T shaderProgramConfigure
0010bbf0 000001f8 t DVLE_GenerateOutmap.part.0
0010bde8 000001cc T DVLB_ParseFile
0010bfb4 00000038 T DVLB_Free
0010bfec 00000074 T DVLE_GetUniformRegister
0010c060 00000010 T GX_BindQueue
0010c070 00000078 T GX_ProcessCommandList
0010c0e8 00000074 T GX_MemoryFill
0010c15c 00000070 T GX_DisplayTransfer
0010c1cc 00000074 T GX_TextureCopy
0010c240 00000068 t gxCmdQueueDoCommands.part.0
0010c2a8 000000c8 T gxCmdQueueInterrupt
0010c370 0000004c T gxCmdQueueClear
0010c3bc 000000f8 T gxCmdQueueAdd
0010c4b4 00000080 T gxCmdQueueRun
0010c534 00000060 T gxCmdQueueStop
0010c594 00000074 T gxCmdQueueWait
0010c608 0000013c T GPUCMD_Add
0010c744 000000ac T GPUCMD_Split
0010c7f0 00000040 T f32tof16
0010c830 00000040 T f32tof24
0010c870 00000044 T f32tof31
0010c8b4 00000c58 t gspHardwareInit
0010d50c 00000254 T gspInit
0010d760 000000f0 T gspExit
0010d850 00000010 T gspHasGpuRight
0010d860 00000098 T gspPresentBuffer
0010d8f8 00000030 T gspSetEventCallback
0010d928 00000050 T gspWaitForEvent
0010d978 0000004c T gspWaitForAnyEvent
0010d9c4 00000160 t gspEventThreadMain
0010db24 00000130 T gspSubmitGxCommand
0010dc54 00000050 T GSPGPU_FlushDataCache
0010dca4 00000034 T GSPGPU_SetLcdForceBlack
0010dcd8 00000068 T GSPGPU_AcquireRight
0010dd40 00000048 T GSPGPU_ReleaseRight
0010dd88 0000007c T GSPGPU_ImportDisplayCaptureInfo
0010de04 0000002c T GSPGPU_SaveVramSysArea
0010de30 0000002c T GSPGPU_RestoreVramSysArea
0010de5c 000000c8 T fsInit
0010df24 0000003c T fsExit
0010df60 00000060 T fsExemptFromSession
0010dfc0 00000050 T fsUnexemptFromSession
0010e010 000000cc T FSUSER_OpenFile
0010e0dc 000000d4 T FSUSER_OpenFileDirectly
0010e1b0 000000bc T FSUSER_DeleteFile
0010e26c 000000f8 T FSUSER_RenameFile
0010e364 000000bc T FSUSER_DeleteDirectory
0010e420 000000d4 T FSUSER_CreateFile
0010e4f4 000000c4 T FSUSER_CreateDirectory
0010e5b8 000000f8 T FSUSER_RenameDirectory
0010e6b0 000000b4 T FSUSER_OpenDirectory
0010e764 00000094 T FSUSER_OpenArchive
0010e7f8 0000008c T FSUSER_CloseArchive
0010e884 00000074 T FSUSER_GetSdmcArchiveResource
0010e8f8 00000064 T FSUSER_IsSdmcWritable
0010e95c 00000058 T FSFILE_Read
0010e9b4 00000060 T FSFILE_Write
0010ea14 00000038 T FSFILE_GetSize
0010ea4c 00000028 T FSFILE_SetSize
0010ea74 0000003c T FSFILE_Close
0010eab0 00000024 T FSFILE_Flush
0010ead4 00000050 T FSDIR_Read
0010eb24 0000003c T FSDIR_Close
0010eb60 000001b0 t aptConvertScreenForCapture
0010ed10 00000008 W aptDspSleep
0010ed18 00000004 W aptDspWakeup
0010ed1c 00000004 W aptDspCancel
0010ed20 0000015c T aptSendCommand
0010ee7c 00000038 t aptExitProcess
0010eeb4 000002f0 T aptExit
0010f1a4 000000d8 T aptHandleSleep
0010f27c 00000030 T aptHook
0010f2ac 00000030 T aptUnhook
0010f2dc 00000084 T APT_SleepIfShellClosed
0010f360 00000084 T aptSetSleepAllowed
0010f3e4 00000084 T APT_UnlockTransition
0010f468 00000484 t aptEventHandler
0010f8ec 000000b0 T APT_ReceiveParameter
0010f99c 000000b0 t aptReceiveParameter.constprop.0
0010fa50 000002bc t aptScreenTransfer
0010fd0c 000002d0 t aptWaitForWakeUp.isra.0
0010ffdc 000000f8 T aptJumpToHomeMenu
001100d4 0000004c T aptMainLoop
00110120 00000234 T aptInit
00110354 0000007c T APT_CheckNew3DS
001103d0 00000048 T APT_GetSharedFont
00110418 00000024 W hidShouldUseIrrst
0011043c 0000018c T hidInit
001105c8 000000e8 T hidExit
001106b0 00000294 T hidScanInput
00110944 00000010 T hidKeysDown
00110954 00000018 T hidTouchRead
0011096c 00000018 T hidCircleRead
00110984 00000074 T ptmSysmInit
001109f8 0000003c T ptmSysmExit
00110a34 00000034 T PTMSYSM_ConfigureNew3DSCPU
00110a68 000000cc t buffer_read
00110b34 000000d0 t iov_read
00110c04 00000128 t iov_memmove
00110d2c 000001d8 t decompress_rle
00110f04 00000258 t decompress_lzss
0011115c 000002ec t decompress_huff.part.0
00111448 00000440 t decompress_lz11
00111888 00000010 T decompressCallback_Stdio
00111898 000000e4 T decompressHeader
0011197c 00000250 T decompressV
00111bcc 00000010 T rbtree_init
00111bdc 000001a0 t do_insert
00111d7c 00000008 T rbtree_insert
00111d84 00000090 T rbtree_rotate
00111e14 00000338 T rbtree_remove
0011214c 00000074 T rbtree_find
001121c0 000000c0 T utf8_to_utf16
00112280 0000013c T decode_utf8
001123bc 000000e8 T utf16_to_utf8
001124a8 000001e0 W __system_allocateHeaps
00112688 00000038 W __libctru_init
001126c0 000000f0 W __system_initArgv
001127b0 T svcControlMemory
001127d0 T svcQueryMemory
00112800 T svcExitProcess
00112808 T svcCreateThread
00112828 T svcExitThread
00112830 T svcSleepThread
00112838 T svcReleaseMutex
00112840 T svcCreateEvent
00112854 T svcSignalEvent
0011285c T svcClearEvent
00112864 T svcMapMemoryBlock
0011286c T svcUnmapMemoryBlock
00112874 T svcCreateAddressArbiter
00112888 T svcArbitrateAddressNoTimeout
00112890 T svcCloseHandle
00112898 T svcWaitSynchronization
001128a0 T svcWaitSynchronizationN
001128c8 T svcDuplicateHandle
001128dc T svcGetSystemTick
001128e4 T svcConnectToPort
001128f8 T svcSendSyncRequest
00112900 T svcGetResourceLimit
00112914 T svcGetResourceLimitLimitValues
0011291c T svcGetResourceLimitCurrentValues
00112924 T svcBreak
0011292c W initSystem
0011297c W __ctru_exit
00112994 T __aeabi_read_tp
001129a0 0000000c T __sync_init
001129ac 00000018 T __sync_fini
001129c4 0000002c T syncArbitrateAddress
001129f0 0000001c T LightLock_Init
00112a0c 00000094 T LightLock_Lock
00112aa0 00000044 T LightLock_TryLock
00112ae4 00000040 T LightLock_Unlock
00112b24 00000024 T RecursiveLock_Init
00112b48 00000030 T RecursiveLock_Lock
00112b78 00000078 T RecursiveLock_TryLock
00112bf0 00000054 T RecursiveLock_Unlock
00112c44 00000040 T LightEvent_Init
00112c84 000000a4 T LightEvent_Clear
00112d28 000000c8 T LightEvent_Signal
00112df0 00000058 T LightEvent_TryWait
00112e48 000000b0 T LightEvent_Wait
00112ef8 00000084 W envGetHandle
00112f7c 00000050 W envDestroyHandles
00112fcc 00000124 T srvInit
001130f0 00000058 T srvExit
00113148 00000080 T srvGetServiceHandleDirect
001131c8 00000048 T srvGetServiceHandle
00113210 00000038 T srvPublishToSubscriber
00113248 00000188 T threadCreate
001133d0 0000002c T threadFree
001133fc 00000024 T threadJoin
00113420 00000030 T threadGetCurrent
00113450 00000040 T threadExit
00113490 00000044 t _thread_begin
001134d4 00000094 t mappableFindAddressWithin
00113568 00000028 T mappableInit
00113590 00000080 T mappableAlloc
00113610 00000004 T mappableFree
00113614 00000160 T irrstInit
00113774 000000cc T irrstExit
00113840 000000b0 T irrstScanInput
001138f0 00000024 T irrstKeysHeld
00113914 0000000c T srvPmGetSessionHandle
00113920 00000050 T rbtree_node_next
00113970 00000060 T encode_utf16
001139d0 000000fc T encode_utf8
00113acc 00000064 T decode_utf16
00113b30 00000030 t __libctru_nanosleep
00113b60 00000030 t __libctru_get_reent
00113b90 000000f8 T __system_initSyscalls
00113c88 00000030 W __appInit
00113cb8 00000030 W __appExit
00113ce8 00000090 W __libctru_exit
00113d78 00000014 t archive_link
00113d8c 00000014 t archive_dirreset
00113da0 00000014 t archive_chmod
00113db4 00000024 t error_cmp
00113dd8 00000050 t archive_translate_error
00113e28 000000d4 t archive_seek
00113efc 0000007c t _archiveInit.part.0
00113f78 0000008c t archiveFindDevice.part.0
00114004 00000294 t archive_utf16path
00114298 000000a0 t _archiveUnmountDeviceStruct.part.0
00114338 00000014 t archive_fchmod
0011434c 00000014 t archive_statvfs
00114360 00000158 t _archiveMountDevice
001144b8 000000e8 t archive_diropen
001145a0 000000a4 t archive_fstat
00114644 0000006c t archive_close
001146b0 0000006c t archive_fsync
0011471c 00000070 t archive_dirclose
0011478c 000000e8 t sdmc_statvfs
00114874 00000080 t archive_ftruncate
001148f4 000000fc t archive_chdir
001149f0 000000b0 t archive_read
00114aa0 000000ac t archive_unlink
00114b4c 000000c8 t archive_rmdir
00114c14 000000ec t archive_mkdir
00114d00 000001a8 t archive_stat
00114ea8 00000184 t archive_rename
0011502c 00000168 t archive_dirnext
00115194 0000012c t archive_write
001152c0 000001f0 t archive_open
001154b0 000001a4 T archiveMountSdmc
00115654 00000054 T archiveUnmountAll
001156a8 0000022c T cosf
001158d4 00000024 t with_errnof
001158f8 0000001c T __math_invalidf
00115914 000000b4 T ceilf
001159c8 00000274 T sinf
00115c40 00000074 T sqrt
00115cb4 00000008 T __ieee754_sqrt
00115cbc 00000120 T __udivmoddi4
00115ddc 00000078 T bsearch
00115e54 00000028 T calloc
00115e7c 00000094 T _calloc_r
00115f10 0000000c T __errno
00115f1c 00000034 T exit
00115f50 00000160 T _fclose_r
001160b0 00000020 T fclose
001160d0 00000258 T __sflush_r
00116328 00000094 T _fflush_r
001163bc 00000038 T fflush
001163f4 000001a0 T _fgets_r
00116594 00000030 T fgets
001165c4 0000000c T _cleanup_r
001165d0 00000184 T __sinit
00116754 00000134 T __sfp
00116888 0000000c T __sfp_lock_acquire
00116894 0000000c T __sfp_lock_release
001168a0 0000003c T __libc_fini_array
001168dc 00000140 T _fopen_r
00116a1c 00000028 T fopen
00116a44 000000c0 T _fputs_r
00116b04 00000028 T fputs
00116b2c 000002d0 T _fread_r
00116dfc 00000038 T fread
00116e34 000000f8 T _malloc_trim_r
00116f2c 000002e4 T _free_r
00117210 0000001c T _fseek_r
0011722c 000004f8 T _fseeko_r
00117724 000001bc T _ftello_r
001178e0 000004a4 T __sfvwrite_r
00117d84 00000068 T _fwalk
00117dec 00000070 T _fwalk_reent
00117e5c 0000007c T __libc_init_array
00117ed8 00000138 T __smakebuf_r
00118010 00000094 T __swhatbuf_r
001180a4 00000028 T memalign
001180cc 00000148 T _memalign_r
00118214 00000020 T malloc
00118234 00000020 T free
00118254 000007f0 T _malloc_r
00118a44 000000e0 T memchr
00118b24 000000a8 T memcmp
00118bcc 0000011c T memcpy
00118ce8 00000154 T memmove
00118e3c 00000118 T memset
00118f54 0000000c T __malloc_lock
00118f60 0000000c T __malloc_unlock
00118f6c 00000034 T printf
00118fa0 0000001c T srand
00118fbc 00000044 T rand
00119000 00000028 T realloc
00119028 00000598 T _realloc_r
001195c0 0000001c t lflush
001195dc 000001ac T __srefill_r
00119788 00000260 T setvbuf
001199e8 00000064 T sprintf
00119a4c 00000074 T sscanf
00119ac0 00000044 T __sread
00119b04 00000008 T __seofread
00119b0c 00000068 T __swrite
00119b74 00000048 T __sseek
00119bbc 00000008 T __sclose
00119bc4 00000144 T strchr
00119d08 0000005c T strlen
00119d64 000000ec T strncat
00119e50 000000dc T strncmp
00119f2c 000000c0 T strncpy
00119fec 00000048 T strnlen
0011a034 0000064c t get_arg
0011a680 00003808 T _svfprintf_r
0011de88 00000050 t get_arg
0011ded8 00002b68 T __ssvfscanf_r
00120a40 0000003c T time
00120a7c 0000064c t get_arg
001210c8 000038d4 T _vfprintf_r
0012499c 000000d4 t __sbprintf
00124a70 00000054 T _wcrtomb_r
00124ac4 00000028 T _wcsrtombs_r
00124aec 00000154 T __swsetup_r
00124c40 00000114 T __call_exitprocs
00124d54 000001a8 t quorem
00124f00 000012ec T _dtoa_r
001261ec 000000c8 T __sflags
001262b4 00000008 T iswspace
001262bc 0000000c T _localeconv_r
001262c8 00000010 T __locale_mb_cur_max
001262d8 00000068 T _mbrtowc_r
00126340 000002fc T __utf8_mbtowc
0012663c 00000088 T _Balloc
001266c4 0000001c T _Bfree
001266e0 000000f4 T __multadd
001267d4 00000110 T __s2b
001268e4 00000058 T __hi0bits
0012693c 0000009c T __lo0bits
001269d8 000000a4 T __i2b
00126a7c 00000204 T __multiply
00126c80 00000120 T __pow5mult
00126da0 0000013c T __lshift
00126edc 00000058 T __mcmp
00126f34 000001cc T __mdiff
00127100 00000088 T __ulp
00127188 000000d4 T __b2d
0012725c 0000012c T __d2b
00127388 00000078 T __ratio
00127400 00000088 T __copybits
00127488 0000005c T __any_on
001274e4 000000e4 T __sccl
001275c8 0000000c T nanf
001275d8 000000a8 T frexp
00127680 000000b8 T stpncpy
00127738 0000130c T _strtod_l
00128a44 0000000c T _strtod_r
00128a50 0000022c t _strtoll_l.constprop.0
00128c7c 00000004 T _strtoll_r
00128c80 000001b0 t _strtol_l.part.0
00128e30 0000003c T _strtol_r
00128e6c 00000244 t _strtoull_l.constprop.0
001290b0 00000004 T _strtoull_r
001290b4 000001c8 t _strtoul_l.constprop.0
0012927c 00000004 T _strtoul_r
00129280 00000188 T __ssprint_r
00129408 000000e0 T _sungetc_r
001294e8 0000006c T __ssrefill_r
00129554 000000c8 T _sfread_r
0012961c 000000a8 T __submore
001296c4 0000064c t get_arg
00129d10 00000034 T __sprint_r
00129d44 00002584 T _vfiprintf_r
0012c2c8 000000d4 t __sbprintf
0012c39c 00000190 T _wcsnrtombs_l
0012c52c 0000004c T _wcsnrtombs_r
0012c578 000000f0 T __utf8_wctomb
0012c668 0000005c T __assert_func
0012c6c4 0000003c T fiprintf
0012c700 000000ec t rshift
0012c7ec 00000928 T __gethex
0012d114 0000004c T __match
0012d160 0000029c T __hexnan
0012d3fc 0000003c T iswspace_l
0012d438 000001d4 t __jp2uc
0012d60c 0000009c T _jp2uc_l
0012d6a8 00000010 T nan
0012d6b8 00000014 T abort
0012d6cc 00000084 T category
0012d750 00000098 T _raise_r
0012d7e8 00000020 T raise
0012d808 00000008 t null_write
0012d810 00000018 T setDefaultDevice
0012d828 000000c8 T FindDevice
0012d8f0 00000028 T RemoveDevice
0012d918 0000009c T AddDevice
0012d9b4 00000020 T GetDeviceOpTab
0012d9d4 00000078 T _fstat_r
0012da4c 00000014 T _getpid_r
0012da60 00000038 T _gettimeofday_r
0012da98 00000008 T _isatty_r
0012daa0 00000014 T _kill_r
0012dab4 00000084 T _lseek_r
0012db38 000000c8 T _open_r
0012dc00 00000080 T _read_r
0012dc80 00000078 T _sbrk_r
0012dcf8 00000080 T _write_r
0012dd78 00000024 T _exit
0012dd9c 000001b8 T _concatenate_path
0012df54 00000160 T chdir
0012e0b4 00000008 T __flockfile
0012e0bc 00000008 T __funlockfile
0012e0c4 00000018 T __libc_lock_acquire
0012e0dc 00000018 T __libc_lock_release
0012e0f4 00000018 T __libc_lock_init_recursive
0012e10c 00000018 T __libc_lock_acquire_recursive
0012e124 00000018 T __libc_lock_release_recursive
0012e13c 00000018 T __libc_lock_close_recursive
0012e154 0000008c T __release_handle
0012e1e0 000000b4 T __alloc_handle
0012e294 0000003c T __get_handle
0012e2d0 000000f4 T _close_r
0012e3c4 00000028 T __getreent
0012e3ec 00000038 T __aeabi_d2lz
0012e3ec 00000038 T __fixdfdi
0012e428 00000040 T __aeabi_d2ulz
0012e428 00000040 T __fixunsdfdi
0012e468 00000044 T strrchr
0012e4ac T _fini
0012f1f0 R render2d_shbin
0012f37c R render2d_shbin_end
0012f37c R render2d_shbin_size
0012f380 00000038 r CSWTCH.18
0012f3b8 00000005 r colorFmtSizes
0012f3c0 00000004 r depthFmtSizes
0012f3c4 00000010 r CSWTCH.9
0012f3f8 00000070 r romFS_devoptab
0012f494 00000008 r morton_x.3
0012f49c 00000008 r morton_y.2
0012f4a4 00000008 r s_sleepWakeEvents.4
0012f4fc 00000070 r archive_devoptab
0012f56c 00000030 r error_table
0012f59c 00000060 R __inv_pio4
0012f600 000000e0 R __sincosf_table
0012f6e0 00000004 R _global_impure_ptr
0012f720 00000010 r blanks.1
0012f730 00000010 r zeroes.0
0012f748 00000022 r basefix.0
0012f76c 00000010 r blanks.1
0012f77c 00000010 r zeroes.0
0012f78c 00000101 R _ctype_
0012f8a0 r .LC2
0012f980 00000028 R __mprec_bigtens
0012f9a8 000000c8 R __mprec_tens
0012fa70 0000000c r p05.0
0012fa8c 00000014 r fpi.1
0012faa0 00000014 r fpinan.0
0012fab8 00000028 r tinytens
0012fae0 0000006c R __action_table
0012fb4c 00000100 R __chclass
0012fc4c 0000006c R __state_table
0012fcb8 00000010 r blanks.1
0012fcc8 00000010 r zeroes.0
0012fd60 00000100 R __hexdig
0012fe74 000000bc r a1
0012ff30 000000bc r a2
0012ffec 0000005b r a3
00130048 00000070 r a6
001300b8 000000a2 r a7
0013015c 00000040 r a8
0013019c 0000172a r b02cf
001318c8 00001a7c r d02f4
00133344 0000000c R _C_numeric_locale
00133350 000031e6 r categories
00136538 00000070 R dotab_stdnull
001365a8 r 
001365a8 R __exidx_end
001365a8 R __exidx_start
00137000 0000000c D limits
0013700c 00000024 D alienRails
00137030 00000018 D shooterRails
00137048 00000004 D alienTimer
0013704c 00000004 D shooterTimer
00137050 000011f8 D splash
00138248 00000004 d framerate
0013824c 00000008 d framerateCounter
00138254 00000004 d queueLock
00138258 00000004 d kCount
0013825c 00000004 d kDelay
00138260 00000004 d kInterval
00138264 W __stacksize__
00138268 00000001 D __fdlib_version
0013826c 0000000c d __sfp_recursive_mutex
00138278 0000000c d __sinit_recursive_mutex
00138284 00000004 D _impure_ptr
00138288 00000460 d impure_data
001386e8 00000408 D __malloc_av_
00138af0 00000004 D __malloc_sbrk_base
00138af4 00000004 D __malloc_trim_threshold
00138af8 0000000c d __malloc_recursive_mutex
00138b04 0000000c D __atexit_recursive_mutex
00138b10 0000016c D __global_locale
00138c7c 00000002 d numempty
00138c80 00000004 d defaultDevice
00138c84 0000008c D devoptab_list
00138d10 00000400 d _current_working_directory
00139110 00000004 d __hndl_lock
00139114 0000000c d __stderr_handle
00139120 0000000c d __stdin_handle
0013912c 0000000c d __stdout_handle
00139138 00001000 d handles
0013a140 d _GLOBAL_OFFSET_TABLE_
0013a14c d __frame_dummy_init_array_entry
0013a14c D __init_array_start
0013a14c B __preinit_array_end
0013a14c B __preinit_array_start
0013a14c D __tdata_lma
0013a14c D __tdata_lma_end
0013a150 d __do_global_dtors_aux_fini_array_entry
0013a150 D __fini_array_start
0013a150 D __init_array_end
0013a154 D __bss_start__
0013a154 00000438 B bulletList
0013a154 D __fini_array_end
0013a58c 00000004 B bulletCount
0013a590 000003f0 B aliens
0013a980 00000004 B alienCount
0013a984 00000230 B shooters
0013abb4 00000004 B shooterCount
0013abb8 00000004 B arcade_currentLevel
0013abbc 00000004 B arcade_currentScore
0013abc0 00000004 B arcade_currentKillCounter
0013abc4 00000004 B arcade_currentKillNeeded
0013abc8 00000004 B arcade_currentLives
0013abcc 00000004 B arcade_currentCoins
0013abd0 00000004 B game_highScore
0013abd4 00000004 B game_totalCoins
0013abd8 00000004 B game_chosenDifficulty
0013abdc 00000014 B scoreTextStr
0013abf0 00000004 B intermissionTimer
0013abf4 00000004 B scoreTextID
0013abf8 0000001e B killCounterTextStr
0013ac18 00000004 B killCounterTextID
0013ac1c 00000014 B roundCounterTextStr
0013ac30 00000004 B roundCounterTextID
0013ac34 00000004 B currentScene
0013ac38 00000004 B clearColor
0013ac3c 00000004 B bottom_screen
0013ac40 00000004 B top_screen
0013ac44 00000004 B kDown
0013ac48 00000020 B player
0013ac68 0000000c B lives
0013ac74 00000004 B spriteSheet
0013ac78 00000004 B numSprites
0013ac7c 00008400 B sprites
0014307c 00000004 B g_staticBuf
00143080 00000004 B g_dynamicBuf
00143084 00000004 B arcadeFont
00143088 00000258 B textList
001432e0 b completed.1
001432e4 b object.0
00143300 000005a0 B __C2Di_Context
001438a0 00000040 b s_projBot
001438e0 00000040 b s_projTop
00143920 00000004 b uLoc_mdlvMtx
00143924 00000004 b uLoc_projMtx
00143928 00000004 b s_glyphSheets
0014392c 00000004 b s_textScale
00143930 000002d0 B __C3D_Context
00143c00 0000000c b hookCookie
00143c10 00000010 b cpuTime
00143c20 00000004 b firstTarget
00143c24 00000008 b frameCounter
00143c2c 00000004 b frameEndCb
00143c30 00000004 b frameEndCbData
00143c38 00000010 b gpuTime
00143c48 00000001 b inFrame
00143c49 00000001 b inSafeTransfer
00143c4a 00000001 b isTopStereo
00143c4c 00000004 b lastTarget
00143c50 0000000c b linkedTarget
00143c5c 00000001 b measureGpuTime
00143c5d 00000001 b needSwapBot
00143c5e 00000001 b needSwapTop
00143c60 00000004 B C3D_BoolUnifs
00143c64 00000002 B C3D_BoolUnifsDirty
00143c68 00000c00 B C3D_FVUnif
00144868 000000c0 B C3D_FVUnifDirty
00144928 00000020 B C3D_IVUnif
00144948 00000008 B C3D_IVUnifDirty
00144950 000000c0 b C3Di_FVUnifEverDirty
00144a10 00000008 b C3Di_IVUnifEverDirty
00144a18 00000018 b C3Di_ShaderFVecData
00144a30 0000000c b sAddrMap
00144a3c 00000008 b sVramPool
00144a44 00000008 b sLinearPool
00144a4c 0000000c b sAddrMap
00144a58 00000004 V __romfs_path
00144a5c 00000004 b romfs_mount_list
00144a60 00000001 V __ctru_speedup
00144a64 00000004 B g_sharedFont
00144a68 00000004 b sharedFontAddr
00144a6c 00000004 b gfxBottomFramebufferMaxSize
00144a70 00000008 b gfxBottomFramebuffers
00144a78 00000002 b gfxCurBuf
00144a7c 00000002 b gfxFramebufferFormats
00144a80 00000002 b gfxIsDoubleBuf
00144a82 00000001 b gfxIsVram
00144a84 00000004 b gfxTopFramebufferMaxSize
00144a88 00000008 b gfxTopFramebuffers
00144a90 00000001 b gfxTopMode
00144a94 00000004 b screenAlloc
00144a98 00000004 b screenFree
00144a9c 00000004 b boundQueue
00144aa0 00000004 b curQueue
00144aa4 00000001 b isActive
00144aa5 00000001 b isRunning
00144aa6 00000001 b shouldStop
00144aa8 00000004 B gpuCmdBuf
00144aac 00000004 B gpuCmdBufOffset
00144ab0 00000004 B gpuCmdBufSize
00144ab4 00000004 b gspEvent
00144ab8 0000001c b gspEventCb
00144ad4 0000001c b gspEventCbData
00144af0 00000007 b gspEventCbOneShot
00144af8 00000004 b gspEventThread
00144afc 00000038 b gspEvents
00144b34 00000004 b gspGpuHandle
00144b38 00000001 b gspGpuRight
00144b3c 00000004 b gspLastEvent
00144b40 00000004 b gspRefCount
00144b44 00000001 b gspRunEvents
00144b48 00000004 b gspSharedMem
00144b4c 00000004 b gspSharedMemHandle
00144b50 00000001 b gspThreadId
00144b58 00000080 b fsExemptArchives
00144bd8 00000004 b fsuHandle
00144bdc 00000004 b fsuRefCount
00144be0 00000001 b aptChainloadFlags
00144be1 00000001 b aptChainloadMediatype
00144be8 00000008 b aptChainloadTid
00144bf0 00000004 b aptEventHandlerThread
00144bf4 00000001 b aptEventHandlerThreadQuit
00144bf8 00000008 b aptEvents
00144c00 0000000c b aptFirstHook
00144c0c 00000004 b aptFlags
00144c10 00000001 b aptHomeButtonState
00144c14 00000004 b aptLockHandle
00144c18 00000004 b aptMessageFunc
00144c1c 00000004 b aptMessageFuncData
00144c20 00001000 b aptParameters
00145c20 00000008 b aptReceiveEvent
00145c28 00000004 b aptRefCount
00145c2c 00000008 b aptSleepEvent
00145c34 00000001 b flagInit.1
00145c35 00000001 b flagValue.0
00145c38 00000004 b serviceName.6
00145c3c 00000006 b aVec
00145c44 00000004 b cPos
00145c48 00000006 b gRate
00145c50 00000014 B hidEvents
00145c64 00000004 B hidHandle
00145c68 00000004 B hidMemHandle
00145c6c 00000004 b hidRefCount
00145c70 00000004 B hidSharedMem
00145c74 00000004 b kDown
00145c78 00000004 b kHeld
00145c7c 00000004 b kOld
00145c80 00000004 b kRepeat
00145c84 00000004 b kUp
00145c88 00000004 b tPos
00145c8c 00000001 b usingIrrst
00145c90 00000004 b ptmSysmHandle
00145c94 00000004 b ptmSysmRefCount
00145c98 00000004 B __ctru_heap
00145c9c 00000004 V __ctru_heap_size
00145ca0 00000004 B __ctru_linear_heap
00145ca4 00000004 V __ctru_linear_heap_size
00145ca8 00000004 B __system_retAddr
00145cac 00000004 B __system_argc
00145cb0 00000004 B __system_argv
00145cb4 b saved_stack
00145cbc 00000004 b arbiter
00145cc0 00000004 b srvHandle
00145cc4 00000004 b srvRefCount
00145cc8 00000004 b currentAddr
00145ccc 00000004 b maxAddr
00145cd0 00000004 b minAddr
00145cd4 00000004 b csPos
00145cd8 00000004 B irrstEvent
00145cdc 00000004 B irrstHandle
00145ce0 00000004 B irrstMemHandle
00145ce4 00000004 b irrstRefCount
00145ce8 00000004 B irrstSharedMem
00145cec 00000004 b kHeld
00145cf0 00000004 b srvPmHandle
00145cf4 00000004 b archive_device_cwd
00145cf8 00000540 b archive_devices
00146238 00000001 b archive_initialized
0014623c 00000028 B __malloc_current_mallinfo
00146264 00000004 B __malloc_max_sbrked_mem
00146268 00000004 B __malloc_max_total_mem
0014626c 00000004 B __malloc_top_pad
00146270 00000004 b heap_start.0
00146274 00000004 B fake_heap_end
00146278 00000004 B fake_heap_start
0014627c 00000400 b temp_cwd
0014667c 00000048 B __syscalls
001466c4 B __tls_start
001472cc B __bss_end__
001472cc A __end__
001472cc B __tls_end
